---
date 2020.07.09
time 16H:02M:33S
indices NL0006311821 NL0006311839 NL0012125736
nrOfEntries 1 1 1
totalAmountTraded 0.647082 6.08643 8.3647
totalPurchase € 100,00 € 100,00 € 200,00
averageRate € 154,00 € 16,00 € 23,00
lastRate € 154,00 € 16,00 € 23,00
rateDiffPercent 0 0 0
totalPurchaseCurrValue € 100,00 € 100,00 € 200,00
totalPurchaseDiff [i]=0 € 0,00 € 0,00
grandTotalPurchase € 400,00
grandTotalCurrValue € 400,00
grandTotalValueDiff € 0,00
grandTotalValueDiffPercent 0
---
date 2020.07.09
time 16H:09M:13S
indices NL0006311821 NL0006311839 NL0012125736
nrOfEntries 1 1 1
totalAmountTraded 0.647082 6.08643 8.3647
totalPurchase € 100,00 € 100,00 € 200,00
averageRate € 154,00 € 16,00 € 23,00
lastRate € 154,00 € 16,00 € 23,00
rateDiffPercent 0 0 0
totalPurchaseCurrValue € 100,00 € 100,00 € 200,00
totalPurchaseDiff [i]=0 € 0,00 € 0,00
grandTotalPurchase € 400,00
grandTotalCurrValue € 400,00
grandTotalValueDiff € 0,00
grandTotalValueDiffPercent 0
---
date 2020.07.09
time 16H:09M:39S
indices NL0006311821 NL0006311839 NL0012125736
nrOfEntries 1 1 1
totalAmountTraded 0.647082 6.08643 8.3647
totalPurchase € 100,00 € 100,00 € 200,00
averageRate € 154,00 € 16,00 € 23,00
lastRate € 154,00 € 16,00 € 23,00
rateDiffPercent 0 0 0
totalPurchaseCurrValue € 100,00 € 100,00 € 200,00
totalPurchaseDiff [i]=0 € 0,00 € 0,00
grandTotalPurchase € 400,00
grandTotalCurrValue € 400,00
grandTotalValueDiff € 0,00
grandTotalValueDiffPercent 0
---
date 2020.07.09
time 16H:15M:08S
indices NL0006311821 NL0006311839 NL0012125736
nrOfEntries 1 1 1
totalAmountTraded 0.647082 6.08643 8.3647
totalPurchase € 100,00 € 100,00 € 200,00
averageRate € 154,00 € 16,00 € 23,00
lastRate € 154,00 € 16,00 € 23,00
rateDiffPercent 0 0 0
totalPurchaseCurrValue € 100,00 € 100,00 € 200,00
totalPurchaseDiff [i]=0 € 0,00 € 0,00
grandTotalPurchase € 400,00
grandTotalCurrValue € 400,00
grandTotalValueDiff € 0,00
grandTotalValueDiffPercent 0
---
date 2020.07.09
time 16H:15M:38S
indices NL0006311821 NL0006311839 NL0012125736
nrOfEntries 1 1 1
totalAmountTraded 0.647082 6.08643 8.3647
totalPurchase € 100,00 € 100,00 € 200,00
averageRate € 154,00 € 16,00 € 23,00
lastRate € 154,00 € 16,00 € 23,00
rateDiffPercent 0 0 0
totalPurchaseCurrValue € 100,00 € 100,00 € 200,00
totalPurchaseDiff [i]=0 € 0,00 € 0,00
grandTotalPurchase € 400,00
grandTotalCurrValue € 400,00
grandTotalValueDiff € 0,00
grandTotalValueDiffPercent 0
---
date 2020.07.09
time 16H:16M:06S
indices NL0006311821 NL0006311839 NL0012125736
nrOfEntries 1 1 1
totalAmountTraded 0.647082 6.08643 8.3647
totalPurchase € 100,00 € 100,00 € 200,00
averageRate € 154,00 € 16,00 € 23,00
lastRate € 154,00 € 16,00 € 23,00
rateDiffPercent 0 0 0
totalPurchaseCurrValue € 100,00 € 100,00 € 200,00
totalPurchaseDiff [i]=0 € 0,00 € 0,00
grandTotalPurchase € 400,00
grandTotalCurrValue € 400,00
grandTotalValueDiff € 0,00
grandTotalValueDiffPercent 0
---
date 2020.07.09
time 16H:17M:16S
indices NL0006311821 NL0006311839 NL0012125736
nrOfEntries 1 1 1
totalAmountTraded 0.647082 6.08643 8.3647
totalPurchase € 100,00 € 100,00 € 200,00
averageRate € 154,00 € 16,00 € 23,00
lastRate € 154,00 € 16,00 € 23,00
rateDiffPercent 0 0 0
totalPurchaseCurrValue € 100,00 € 100,00 € 200,00
totalPurchaseDiff [i]=0 € 0,00 € 0,00
grandTotalPurchase € 400,00
grandTotalCurrValue € 400,00
grandTotalValueDiff € 0,00
grandTotalValueDiffPercent 0
---
date 2020.07.09
time 16H:18M:24S
indices NL0006311821 NL0006311839 NL0012125736
nrOfEntries 1 1 1
totalAmountTraded 0.647082 6.08643 8.3647
totalPurchase € 100,00 € 100,00 € 200,00
averageRate € 154,00 € 16,00 € 23,00
lastRate € 154,00 € 16,00 € 23,00
rateDiffPercent 0 0 0
totalPurchaseCurrValue € 100,00 € 100,00 € 200,00
totalPurchaseDiff [i]=0 € 0,00 € 0,00
grandTotalPurchase € 400,00
grandTotalCurrValue € 400,00
grandTotalValueDiff € 0,00
grandTotalValueDiffPercent 0
---
date 2020.07.09
time 16H:18M:48S
indices NL0006311821 NL0006311839 NL0012125736
nrOfEntries 1 1 1
totalAmountTraded 0.647082 6.08643 8.3647
totalPurchase € 100,00 € 100,00 € 200,00
averageRate € 154,00 € 16,00 € 23,00
lastRate € 154,00 € 16,00 € 23,00
rateDiffPercent 0 0 0
totalPurchaseCurrValue € 100,00 € 100,00 € 200,00
totalPurchaseDiff [i]=0 € 0,00 € 0,00
grandTotalPurchase € 400,00
grandTotalCurrValue € 400,00
grandTotalValueDiff € 0,00
grandTotalValueDiffPercent 0
---
date 2020.07.09
time 16H:19M:43S
indices NL0006311821 NL0006311839 NL0012125736
nrOfEntries 1 1 1
totalAmountTraded 0.647082 6.08643 8.3647
totalPurchase € 100,00 € 100,00 € 200,00
averageRate € 154,00 € 16,00 € 23,00
lastRate € 154,00 € 16,00 € 23,00
rateDiffPercent 0 0 0
totalPurchaseCurrValue € 100,00 € 100,00 € 200,00
totalPurchaseDiff [i]=0 € 0,00 € 0,00
grandTotalPurchase € 400,00
grandTotalCurrValue € 400,00
grandTotalValueDiff € 0,00
grandTotalValueDiffPercent 0
---
date 2020.07.09
time 16H:20M:19S
indices NL0006311821 NL0006311839 NL0012125736
nrOfEntries 1 1 1
totalAmountTraded 0.647082 6.08643 8.3647
totalPurchase € 100,00 € 100,00 € 200,00
averageRate € 154,00 € 16,00 € 23,00
lastRate € 154,00 € 16,00 € 23,00
rateDiffPercent 0 0 0
totalPurchaseCurrValue € 100,00 € 100,00 € 200,00
totalPurchaseDiff [i]=0 € 0,00 € 0,00
grandTotalPurchase € 400,00
grandTotalCurrValue € 400,00
grandTotalValueDiff € 0,00
grandTotalValueDiffPercent 0
---
date 2020.07.09
time 16H:22M:43S
indices NL0006311821 NL0006311839 NL0012125736
nrOfEntries 1 1 1
totalAmountTraded 0.647082 6.08643 8.3647
totalPurchase € 100,00 € 100,00 € 200,00
averageRate € 154,00 € 16,00 € 23,00
lastRate € 154,00 € 16,00 € 23,00
rateDiffPercent 0 0 0
totalPurchaseCurrValue € 100,00 € 100,00 € 200,00
totalPurchaseDiff [i]=0 € 0,00 € 0,00
grandTotalPurchase € 400,00
grandTotalCurrValue € 400,00
grandTotalValueDiff € 0,00
grandTotalValueDiffPercent 0
---
date 2020.07.09
time 16H:23M:34S
indices NL0006311821 NL0006311839 NL0012125736
nrOfEntries 1 1 1
totalAmountTraded 0.647082 6.08643 8.3647
totalPurchase € 100,00 € 100,00 € 200,00
averageRate € 154,00 € 16,00 € 23,00
lastRate € 154,00 € 16,00 € 23,00
rateDiffPercent 0 0 0
totalPurchaseCurrValue € 100,00 € 100,00 € 200,00
totalPurchaseDiff [i]=0 € 0,00 € 0,00
grandTotalPurchase € 400,00
grandTotalCurrValue € 400,00
grandTotalValueDiff € 0,00
grandTotalValueDiffPercent 0
---
date 2020.07.09
time 16H:24M:16S
indices NL0006311821 NL0006311839 NL0012125736
nrOfEntries 1 1 1
totalAmountTraded 0.647082 6.08643 8.3647
totalPurchase € 100,00 € 100,00 € 200,00
averageRate € 154,54 € 16,43 € 23,91
lastRate € 154,54 € 16,43 € 23,91
rateDiffPercent 0 0 0
totalPurchaseCurrValue € 100,00 € 100,00 € 200,00
totalPurchaseDiff [i]=0 € 0,00 € 0,00
grandTotalPurchase € 400,00
grandTotalCurrValue € 400,00
grandTotalValueDiff € 0,00
grandTotalValueDiffPercent 0
---
date 2020.07.09
time 16H:25M:32S
indices NL0006311821 NL0006311839 NL0012125736
nrOfEntries 1 1 1
totalAmountTraded 0.647082 6.08643 8.3647
totalPurchase € 100,00 € 100,00 € 200,00
averageRate € 154,54 € 16,43 € 23,91
lastRate € 154,54 € 16,43 € 23,91
rateDiffPercent 0 0 0
totalPurchaseCurrValue € 100,00 € 100,00 € 200,00
totalPurchaseDiff [i]=0 € 0,00 € 0,00
grandTotalPurchase € 400,00
grandTotalCurrValue € 400,00
grandTotalValueDiff € 0,00
grandTotalValueDiffPercent 0
